<?xml version="1.0" encoding="UTF-8"?>
<!-- Generated by org.testng.reporters.JUnitReportReporter -->
<testsuite skipped="0" hostname="Microsoft-PC" name="FirstClass" tests="1" failures="0" timestamp="21 Aug 2019 03:25:45 GMT" time="9.549" errors="0">
  <testcase name="setup" time="9.549" classname="FirstClass"/>
</testsuite> <!-- FirstClass -->
