<?xml version="1.0" encoding="UTF-8"?>
<!-- Generated by org.testng.reporters.JUnitReportReporter -->
<testsuite skipped="0" hostname="Microsoft-PC" name="FirstClass" tests="1" failures="0" timestamp="22 Aug 2019 01:53:49 GMT" time="18.324" errors="0">
  <testcase name="setup" time="18.324" classname="FirstClass"/>
</testsuite> <!-- FirstClass -->
